[2015-09-06 11:56:48:048 [New I/O worker #1] DEBUG com.ning.http.client.providers.netty.request.NettyConnectListener.writeRequest(NettyConnectListener.java:67)] Request using non cached Channel '[id: 0xb446dbd0, /192.168.4.241:50265 => www.baidu.com/61.135.169.125:80]':
DefaultHttpRequest(chunked: false)
HEAD / HTTP/1.1
Connection: keep-alive
Host: www.baidu.com
Accept: */*
User-Agent: AHC/1.0

[2015-09-06 11:56:48:048 [New I/O worker #1] DEBUG com.ning.http.client.providers.netty.handler.HttpProtocol.handleHttpResponse(HttpProtocol.java:415)] 

Request DefaultHttpRequest(chunked: false)
HEAD / HTTP/1.1
Connection: keep-alive
Host: www.baidu.com
Accept: */*
User-Agent: AHC/1.0

Response DefaultHttpResponse(chunked: false)
HTTP/1.1 200 OK
Date: Sun, 06 Sep 2015 03:56:48 GMT
Content-Type: text/html; charset=utf-8
Connection: Keep-Alive
Vary: Accept-Encoding
Set-Cookie: BAIDUID=6F55A195911C5C3E95D05E92C4CE5EBB:FG=1; expires=Thu, 31-Dec-37 23:55:55 GMT; max-age=2147483647; path=/; domain=.baidu.com
Set-Cookie: BIDUPSID=6F55A195911C5C3E95D05E92C4CE5EBB; expires=Thu, 31-Dec-37 23:55:55 GMT; max-age=2147483647; path=/; domain=.baidu.com
Set-Cookie: PSTM=1441511808; expires=Thu, 31-Dec-37 23:55:55 GMT; max-age=2147483647; path=/; domain=.baidu.com
Set-Cookie: BDSVRTM=0; path=/
Set-Cookie: BD_HOME=0; path=/
Set-Cookie: H_PS_PSSID=14345_16716_1442_16739_12658_12824_14431_12867_17104_17000_16934_17003_17073_15249_12339_13932_16968_17050; path=/; domain=.baidu.com
P3P: CP=" OTI DSP COR IVA OUR IND COM "
Cache-Control: private
Cxy_all: baidu+409ec0729bf2e778c4a8542621edad65
Expires: Sun, 06 Sep 2015 03:56:11 GMT
X-Powered-By: HPHP
Server: BWS/1.1
X-UA-Compatible: IE=Edge,chrome=1
BDPAGETYPE: 1
BDQID: 0xe9ed6db800016fd9
BDUSERID: 0

[2015-09-06 11:56:48:048 [New I/O worker #1] DEBUG com.ning.http.client.providers.netty.channel.ChannelManager.tryToOfferChannelToPool(ChannelManager.java:287)] Adding key: http://www.baidu.com:80 for channel [id: 0xb446dbd0, /192.168.4.241:50265 => www.baidu.com/61.135.169.125:80]
