[2015-07-07 10:40:04:004 [main] DEBUG io.netty.util.internal.logging.InternalLoggerFactory.debug(Slf4JLogger.java:71)] Using SLF4J as the default logging framework
[2015-07-07 10:40:04:004 [main] DEBUG io.netty.util.ResourceLeakDetector.debug(Slf4JLogger.java:81)] -Dio.netty.leakDetectionLevel: simple
[2015-07-07 10:40:04:004 [main] DEBUG io.netty.channel.MultithreadEventLoopGroup.debug(Slf4JLogger.java:76)] -Dio.netty.eventLoopThreads: 8
[2015-07-07 10:40:04:004 [main] DEBUG io.netty.util.internal.PlatformDependent0.debug(Slf4JLogger.java:76)] java.nio.Buffer.address: available
[2015-07-07 10:40:04:004 [main] DEBUG io.netty.util.internal.PlatformDependent0.debug(Slf4JLogger.java:76)] sun.misc.Unsafe.theUnsafe: available
[2015-07-07 10:40:04:004 [main] DEBUG io.netty.util.internal.PlatformDependent0.debug(Slf4JLogger.java:71)] sun.misc.Unsafe.copyMemory: available
[2015-07-07 10:40:04:004 [main] DEBUG io.netty.util.internal.PlatformDependent0.debug(Slf4JLogger.java:76)] java.nio.Bits.unaligned: true
[2015-07-07 10:40:04:004 [main] DEBUG io.netty.util.internal.PlatformDependent.debug(Slf4JLogger.java:76)] Java version: 8
[2015-07-07 10:40:04:004 [main] DEBUG io.netty.util.internal.PlatformDependent.debug(Slf4JLogger.java:76)] -Dio.netty.noUnsafe: false
[2015-07-07 10:40:04:004 [main] DEBUG io.netty.util.internal.PlatformDependent.debug(Slf4JLogger.java:76)] sun.misc.Unsafe: available
[2015-07-07 10:40:04:004 [main] DEBUG io.netty.util.internal.PlatformDependent.debug(Slf4JLogger.java:76)] -Dio.netty.noJavassist: false
[2015-07-07 10:40:04:004 [main] DEBUG io.netty.util.internal.PlatformDependent.debug(Slf4JLogger.java:71)] Javassist: available
[2015-07-07 10:40:04:004 [main] DEBUG io.netty.util.internal.PlatformDependent.debug(Slf4JLogger.java:76)] -Dio.netty.tmpdir: /tmp (java.io.tmpdir)
[2015-07-07 10:40:04:004 [main] DEBUG io.netty.util.internal.PlatformDependent.debug(Slf4JLogger.java:76)] -Dio.netty.bitMode: 64 (sun.arch.data.model)
[2015-07-07 10:40:04:004 [main] DEBUG io.netty.util.internal.PlatformDependent.debug(Slf4JLogger.java:76)] -Dio.netty.noPreferDirect: false
[2015-07-07 10:40:04:004 [main] DEBUG io.netty.channel.nio.NioEventLoop.debug(Slf4JLogger.java:76)] -Dio.netty.noKeySetOptimization: false
[2015-07-07 10:40:04:004 [main] DEBUG io.netty.channel.nio.NioEventLoop.debug(Slf4JLogger.java:76)] -Dio.netty.selectorAutoRebuildThreshold: 512
[2015-07-07 10:42:03:003 [main] DEBUG io.netty.util.internal.logging.InternalLoggerFactory.debug(Slf4JLogger.java:71)] Using SLF4J as the default logging framework
[2015-07-07 10:42:03:003 [main] DEBUG io.netty.util.ResourceLeakDetector.debug(Slf4JLogger.java:81)] -Dio.netty.leakDetectionLevel: simple
[2015-07-07 10:42:03:003 [main] DEBUG io.netty.channel.MultithreadEventLoopGroup.debug(Slf4JLogger.java:76)] -Dio.netty.eventLoopThreads: 8
[2015-07-07 10:42:03:003 [main] DEBUG io.netty.util.internal.PlatformDependent0.debug(Slf4JLogger.java:76)] java.nio.Buffer.address: available
[2015-07-07 10:42:03:003 [main] DEBUG io.netty.util.internal.PlatformDependent0.debug(Slf4JLogger.java:76)] sun.misc.Unsafe.theUnsafe: available
[2015-07-07 10:42:03:003 [main] DEBUG io.netty.util.internal.PlatformDependent0.debug(Slf4JLogger.java:71)] sun.misc.Unsafe.copyMemory: available
[2015-07-07 10:42:03:003 [main] DEBUG io.netty.util.internal.PlatformDependent0.debug(Slf4JLogger.java:76)] java.nio.Bits.unaligned: true
[2015-07-07 10:42:03:003 [main] DEBUG io.netty.util.internal.PlatformDependent.debug(Slf4JLogger.java:76)] Java version: 8
[2015-07-07 10:42:03:003 [main] DEBUG io.netty.util.internal.PlatformDependent.debug(Slf4JLogger.java:76)] -Dio.netty.noUnsafe: false
[2015-07-07 10:42:03:003 [main] DEBUG io.netty.util.internal.PlatformDependent.debug(Slf4JLogger.java:76)] sun.misc.Unsafe: available
[2015-07-07 10:42:03:003 [main] DEBUG io.netty.util.internal.PlatformDependent.debug(Slf4JLogger.java:76)] -Dio.netty.noJavassist: false
[2015-07-07 10:42:03:003 [main] DEBUG io.netty.util.internal.PlatformDependent.debug(Slf4JLogger.java:71)] Javassist: available
[2015-07-07 10:42:03:003 [main] DEBUG io.netty.util.internal.PlatformDependent.debug(Slf4JLogger.java:76)] -Dio.netty.tmpdir: /tmp (java.io.tmpdir)
[2015-07-07 10:42:03:003 [main] DEBUG io.netty.util.internal.PlatformDependent.debug(Slf4JLogger.java:76)] -Dio.netty.bitMode: 64 (sun.arch.data.model)
[2015-07-07 10:42:03:003 [main] DEBUG io.netty.util.internal.PlatformDependent.debug(Slf4JLogger.java:76)] -Dio.netty.noPreferDirect: false
[2015-07-07 10:42:03:003 [main] DEBUG io.netty.channel.nio.NioEventLoop.debug(Slf4JLogger.java:76)] -Dio.netty.noKeySetOptimization: false
[2015-07-07 10:42:03:003 [main] DEBUG io.netty.channel.nio.NioEventLoop.debug(Slf4JLogger.java:76)] -Dio.netty.selectorAutoRebuildThreshold: 512
[2015-07-07 10:43:04:004 [main] DEBUG io.netty.util.internal.logging.InternalLoggerFactory.debug(Slf4JLogger.java:71)] Using SLF4J as the default logging framework
[2015-07-07 10:43:04:004 [main] DEBUG io.netty.util.ResourceLeakDetector.debug(Slf4JLogger.java:81)] -Dio.netty.leakDetectionLevel: simple
[2015-07-07 10:43:04:004 [main] DEBUG io.netty.channel.MultithreadEventLoopGroup.debug(Slf4JLogger.java:76)] -Dio.netty.eventLoopThreads: 8
[2015-07-07 10:43:04:004 [main] DEBUG io.netty.util.internal.PlatformDependent0.debug(Slf4JLogger.java:76)] java.nio.Buffer.address: available
[2015-07-07 10:43:04:004 [main] DEBUG io.netty.util.internal.PlatformDependent0.debug(Slf4JLogger.java:76)] sun.misc.Unsafe.theUnsafe: available
[2015-07-07 10:43:04:004 [main] DEBUG io.netty.util.internal.PlatformDependent0.debug(Slf4JLogger.java:71)] sun.misc.Unsafe.copyMemory: available
[2015-07-07 10:43:04:004 [main] DEBUG io.netty.util.internal.PlatformDependent0.debug(Slf4JLogger.java:76)] java.nio.Bits.unaligned: true
[2015-07-07 10:43:04:004 [main] DEBUG io.netty.util.internal.PlatformDependent.debug(Slf4JLogger.java:76)] Java version: 8
[2015-07-07 10:43:04:004 [main] DEBUG io.netty.util.internal.PlatformDependent.debug(Slf4JLogger.java:76)] -Dio.netty.noUnsafe: false
[2015-07-07 10:43:04:004 [main] DEBUG io.netty.util.internal.PlatformDependent.debug(Slf4JLogger.java:76)] sun.misc.Unsafe: available
[2015-07-07 10:43:04:004 [main] DEBUG io.netty.util.internal.PlatformDependent.debug(Slf4JLogger.java:76)] -Dio.netty.noJavassist: false
[2015-07-07 10:43:04:004 [main] DEBUG io.netty.util.internal.PlatformDependent.debug(Slf4JLogger.java:71)] Javassist: available
[2015-07-07 10:43:04:004 [main] DEBUG io.netty.util.internal.PlatformDependent.debug(Slf4JLogger.java:76)] -Dio.netty.tmpdir: /tmp (java.io.tmpdir)
[2015-07-07 10:43:04:004 [main] DEBUG io.netty.util.internal.PlatformDependent.debug(Slf4JLogger.java:76)] -Dio.netty.bitMode: 64 (sun.arch.data.model)
[2015-07-07 10:43:04:004 [main] DEBUG io.netty.util.internal.PlatformDependent.debug(Slf4JLogger.java:76)] -Dio.netty.noPreferDirect: false
[2015-07-07 10:43:04:004 [main] DEBUG io.netty.channel.nio.NioEventLoop.debug(Slf4JLogger.java:76)] -Dio.netty.noKeySetOptimization: false
[2015-07-07 10:43:04:004 [main] DEBUG io.netty.channel.nio.NioEventLoop.debug(Slf4JLogger.java:76)] -Dio.netty.selectorAutoRebuildThreshold: 512
[2015-07-07 10:45:09:009 [main] DEBUG io.netty.util.internal.logging.InternalLoggerFactory.debug(Slf4JLogger.java:71)] Using SLF4J as the default logging framework
[2015-07-07 10:45:09:009 [main] DEBUG io.netty.util.ResourceLeakDetector.debug(Slf4JLogger.java:81)] -Dio.netty.leakDetectionLevel: simple
[2015-07-07 10:45:09:009 [main] DEBUG io.netty.channel.MultithreadEventLoopGroup.debug(Slf4JLogger.java:76)] -Dio.netty.eventLoopThreads: 8
[2015-07-07 10:45:09:009 [main] DEBUG io.netty.util.internal.PlatformDependent0.debug(Slf4JLogger.java:76)] java.nio.Buffer.address: available
[2015-07-07 10:45:09:009 [main] DEBUG io.netty.util.internal.PlatformDependent0.debug(Slf4JLogger.java:76)] sun.misc.Unsafe.theUnsafe: available
[2015-07-07 10:45:09:009 [main] DEBUG io.netty.util.internal.PlatformDependent0.debug(Slf4JLogger.java:71)] sun.misc.Unsafe.copyMemory: available
[2015-07-07 10:45:09:009 [main] DEBUG io.netty.util.internal.PlatformDependent0.debug(Slf4JLogger.java:76)] java.nio.Bits.unaligned: true
[2015-07-07 10:45:09:009 [main] DEBUG io.netty.util.internal.PlatformDependent.debug(Slf4JLogger.java:76)] Java version: 8
[2015-07-07 10:45:09:009 [main] DEBUG io.netty.util.internal.PlatformDependent.debug(Slf4JLogger.java:76)] -Dio.netty.noUnsafe: false
[2015-07-07 10:45:09:009 [main] DEBUG io.netty.util.internal.PlatformDependent.debug(Slf4JLogger.java:76)] sun.misc.Unsafe: available
[2015-07-07 10:45:09:009 [main] DEBUG io.netty.util.internal.PlatformDependent.debug(Slf4JLogger.java:76)] -Dio.netty.noJavassist: false
[2015-07-07 10:45:10:010 [main] DEBUG io.netty.util.internal.PlatformDependent.debug(Slf4JLogger.java:71)] Javassist: available
[2015-07-07 10:45:10:010 [main] DEBUG io.netty.util.internal.PlatformDependent.debug(Slf4JLogger.java:76)] -Dio.netty.tmpdir: /tmp (java.io.tmpdir)
[2015-07-07 10:45:10:010 [main] DEBUG io.netty.util.internal.PlatformDependent.debug(Slf4JLogger.java:76)] -Dio.netty.bitMode: 64 (sun.arch.data.model)
[2015-07-07 10:45:10:010 [main] DEBUG io.netty.util.internal.PlatformDependent.debug(Slf4JLogger.java:76)] -Dio.netty.noPreferDirect: false
[2015-07-07 10:45:10:010 [main] DEBUG io.netty.channel.nio.NioEventLoop.debug(Slf4JLogger.java:76)] -Dio.netty.noKeySetOptimization: false
[2015-07-07 10:45:10:010 [main] DEBUG io.netty.channel.nio.NioEventLoop.debug(Slf4JLogger.java:76)] -Dio.netty.selectorAutoRebuildThreshold: 512
[2015-07-07 11:55:55:055 [main] DEBUG io.netty.util.internal.logging.InternalLoggerFactory.debug(Slf4JLogger.java:71)] Using SLF4J as the default logging framework
[2015-07-07 11:55:55:055 [main] DEBUG io.netty.util.ResourceLeakDetector.debug(Slf4JLogger.java:81)] -Dio.netty.leakDetectionLevel: simple
[2015-07-07 11:55:55:055 [main] DEBUG io.netty.channel.MultithreadEventLoopGroup.debug(Slf4JLogger.java:76)] -Dio.netty.eventLoopThreads: 8
[2015-07-07 11:55:55:055 [main] DEBUG io.netty.util.internal.PlatformDependent0.debug(Slf4JLogger.java:76)] java.nio.Buffer.address: available
[2015-07-07 11:55:55:055 [main] DEBUG io.netty.util.internal.PlatformDependent0.debug(Slf4JLogger.java:76)] sun.misc.Unsafe.theUnsafe: available
[2015-07-07 11:55:55:055 [main] DEBUG io.netty.util.internal.PlatformDependent0.debug(Slf4JLogger.java:71)] sun.misc.Unsafe.copyMemory: available
[2015-07-07 11:55:55:055 [main] DEBUG io.netty.util.internal.PlatformDependent0.debug(Slf4JLogger.java:76)] java.nio.Bits.unaligned: true
[2015-07-07 11:55:55:055 [main] DEBUG io.netty.util.internal.PlatformDependent.debug(Slf4JLogger.java:76)] Java version: 8
[2015-07-07 11:55:55:055 [main] DEBUG io.netty.util.internal.PlatformDependent.debug(Slf4JLogger.java:76)] -Dio.netty.noUnsafe: false
[2015-07-07 11:55:55:055 [main] DEBUG io.netty.util.internal.PlatformDependent.debug(Slf4JLogger.java:76)] sun.misc.Unsafe: available
[2015-07-07 11:55:55:055 [main] DEBUG io.netty.util.internal.PlatformDependent.debug(Slf4JLogger.java:76)] -Dio.netty.noJavassist: false
[2015-07-07 11:55:56:056 [main] DEBUG io.netty.util.internal.PlatformDependent.debug(Slf4JLogger.java:71)] Javassist: available
[2015-07-07 11:55:56:056 [main] DEBUG io.netty.util.internal.PlatformDependent.debug(Slf4JLogger.java:76)] -Dio.netty.tmpdir: /tmp (java.io.tmpdir)
[2015-07-07 11:55:56:056 [main] DEBUG io.netty.util.internal.PlatformDependent.debug(Slf4JLogger.java:76)] -Dio.netty.bitMode: 64 (sun.arch.data.model)
[2015-07-07 11:55:56:056 [main] DEBUG io.netty.util.internal.PlatformDependent.debug(Slf4JLogger.java:76)] -Dio.netty.noPreferDirect: false
[2015-07-07 11:55:56:056 [main] DEBUG io.netty.channel.nio.NioEventLoop.debug(Slf4JLogger.java:76)] -Dio.netty.noKeySetOptimization: false
[2015-07-07 11:55:56:056 [main] DEBUG io.netty.channel.nio.NioEventLoop.debug(Slf4JLogger.java:76)] -Dio.netty.selectorAutoRebuildThreshold: 512
[2015-07-07 14:30:40:040 [main] DEBUG io.netty.util.internal.logging.InternalLoggerFactory.debug(Slf4JLogger.java:71)] Using SLF4J as the default logging framework
[2015-07-07 14:30:40:040 [main] DEBUG io.netty.util.ResourceLeakDetector.debug(Slf4JLogger.java:81)] -Dio.netty.leakDetectionLevel: simple
[2015-07-07 14:30:40:040 [main] DEBUG io.netty.channel.MultithreadEventLoopGroup.debug(Slf4JLogger.java:76)] -Dio.netty.eventLoopThreads: 8
[2015-07-07 14:30:40:040 [main] DEBUG io.netty.util.internal.PlatformDependent0.debug(Slf4JLogger.java:76)] java.nio.Buffer.address: available
[2015-07-07 14:30:40:040 [main] DEBUG io.netty.util.internal.PlatformDependent0.debug(Slf4JLogger.java:76)] sun.misc.Unsafe.theUnsafe: available
[2015-07-07 14:30:40:040 [main] DEBUG io.netty.util.internal.PlatformDependent0.debug(Slf4JLogger.java:71)] sun.misc.Unsafe.copyMemory: available
[2015-07-07 14:30:40:040 [main] DEBUG io.netty.util.internal.PlatformDependent0.debug(Slf4JLogger.java:76)] java.nio.Bits.unaligned: true
[2015-07-07 14:30:40:040 [main] DEBUG io.netty.util.internal.PlatformDependent.debug(Slf4JLogger.java:76)] Java version: 8
[2015-07-07 14:30:40:040 [main] DEBUG io.netty.util.internal.PlatformDependent.debug(Slf4JLogger.java:76)] -Dio.netty.noUnsafe: false
[2015-07-07 14:30:40:040 [main] DEBUG io.netty.util.internal.PlatformDependent.debug(Slf4JLogger.java:76)] sun.misc.Unsafe: available
[2015-07-07 14:30:40:040 [main] DEBUG io.netty.util.internal.PlatformDependent.debug(Slf4JLogger.java:76)] -Dio.netty.noJavassist: false
[2015-07-07 14:30:40:040 [main] DEBUG io.netty.util.internal.PlatformDependent.debug(Slf4JLogger.java:71)] Javassist: available
[2015-07-07 14:30:40:040 [main] DEBUG io.netty.util.internal.PlatformDependent.debug(Slf4JLogger.java:76)] -Dio.netty.tmpdir: /tmp (java.io.tmpdir)
[2015-07-07 14:30:40:040 [main] DEBUG io.netty.util.internal.PlatformDependent.debug(Slf4JLogger.java:76)] -Dio.netty.bitMode: 64 (sun.arch.data.model)
[2015-07-07 14:30:40:040 [main] DEBUG io.netty.util.internal.PlatformDependent.debug(Slf4JLogger.java:76)] -Dio.netty.noPreferDirect: false
[2015-07-07 14:30:40:040 [main] DEBUG io.netty.channel.nio.NioEventLoop.debug(Slf4JLogger.java:76)] -Dio.netty.noKeySetOptimization: false
[2015-07-07 14:30:40:040 [main] DEBUG io.netty.channel.nio.NioEventLoop.debug(Slf4JLogger.java:76)] -Dio.netty.selectorAutoRebuildThreshold: 512
[2015-07-07 14:30:40:040 [main] DEBUG io.netty.buffer.PooledByteBufAllocator.debug(Slf4JLogger.java:76)] -Dio.netty.allocator.numHeapArenas: 4
[2015-07-07 14:30:40:040 [main] DEBUG io.netty.buffer.PooledByteBufAllocator.debug(Slf4JLogger.java:76)] -Dio.netty.allocator.numDirectArenas: 4
[2015-07-07 14:30:40:040 [main] DEBUG io.netty.buffer.PooledByteBufAllocator.debug(Slf4JLogger.java:76)] -Dio.netty.allocator.pageSize: 8192
[2015-07-07 14:30:40:040 [main] DEBUG io.netty.buffer.PooledByteBufAllocator.debug(Slf4JLogger.java:76)] -Dio.netty.allocator.maxOrder: 11
[2015-07-07 14:30:40:040 [main] DEBUG io.netty.buffer.PooledByteBufAllocator.debug(Slf4JLogger.java:76)] -Dio.netty.allocator.chunkSize: 16777216
[2015-07-07 14:30:40:040 [main] DEBUG io.netty.buffer.PooledByteBufAllocator.debug(Slf4JLogger.java:76)] -Dio.netty.allocator.tinyCacheSize: 512
[2015-07-07 14:30:40:040 [main] DEBUG io.netty.buffer.PooledByteBufAllocator.debug(Slf4JLogger.java:76)] -Dio.netty.allocator.smallCacheSize: 256
[2015-07-07 14:30:40:040 [main] DEBUG io.netty.buffer.PooledByteBufAllocator.debug(Slf4JLogger.java:76)] -Dio.netty.allocator.normalCacheSize: 64
[2015-07-07 14:30:40:040 [main] DEBUG io.netty.buffer.PooledByteBufAllocator.debug(Slf4JLogger.java:76)] -Dio.netty.allocator.maxCachedBufferCapacity: 32768
[2015-07-07 14:30:40:040 [main] DEBUG io.netty.buffer.PooledByteBufAllocator.debug(Slf4JLogger.java:76)] -Dio.netty.allocator.cacheTrimInterval: 8192
[2015-07-07 14:30:40:040 [main] DEBUG io.netty.util.internal.ThreadLocalRandom.debug(Slf4JLogger.java:71)] -Dio.netty.initialSeedUniquifier: 0xba6cce49c33ac14f (took 0 ms)
[2015-07-07 14:30:40:040 [main] DEBUG io.netty.buffer.ByteBufUtil.debug(Slf4JLogger.java:76)] -Dio.netty.allocator.type: unpooled
[2015-07-07 14:30:40:040 [main] DEBUG io.netty.buffer.ByteBufUtil.debug(Slf4JLogger.java:76)] -Dio.netty.threadLocalDirectBufferSize: 65536
[2015-07-07 14:30:40:040 [main] DEBUG io.netty.util.NetUtil.debug(Slf4JLogger.java:86)] Loopback interface: lo (lo, 0:0:0:0:0:0:0:1%lo)
[2015-07-07 14:30:40:040 [main] DEBUG io.netty.util.NetUtil.debug(Slf4JLogger.java:81)] /proc/sys/net/core/somaxconn: 128
